2024-06-11 17:57:37,847 INFO com.mot.Main The Factory successfully created with settings: accessorySupplyTime = 1000 ms, bodySupplyTime = 1000, motorSupplyTime = 1000, dealerSaleTime = 3000
2024-06-11 17:57:38,871 INFO com.mot.model.factory.Factory Accessory Supplier N1 was successfully executed
2024-06-11 17:57:38,873 INFO com.mot.model.factory.Factory Accessory Supplier N2 was successfully executed
2024-06-11 17:57:38,874 INFO com.mot.model.factory.Factory Accessory Supplier N3 was successfully executed
2024-06-11 17:57:38,874 INFO com.mot.model.factory.Factory Accessory Supplier N4 was successfully executed
2024-06-11 17:57:38,875 INFO com.mot.model.factory.Factory Accessory Supplier N5 was successfully executed
2024-06-11 17:57:38,878 INFO com.mot.model.factory.Factory Accessory Supplier N6 was successfully executed
2024-06-11 17:57:38,878 INFO com.mot.model.factory.Factory Accessory Supplier N7 was successfully executed
2024-06-11 17:57:38,879 INFO com.mot.model.factory.Factory Accessory Supplier N8 was successfully executed
2024-06-11 17:57:38,881 INFO com.mot.model.factory.Factory Accessory Supplier N9 was successfully executed
2024-06-11 17:57:38,882 INFO com.mot.model.factory.Factory Accessory Supplier N10 was successfully executed
2024-06-11 17:57:38,884 INFO com.mot.model.factory.Factory Accessory Supplier N11 was successfully executed
2024-06-11 17:57:38,885 INFO com.mot.model.factory.Factory Accessory Supplier N12 was successfully executed
2024-06-11 17:57:38,886 INFO com.mot.model.factory.Factory Accessory Supplier N13 was successfully executed
2024-06-11 17:57:38,887 INFO com.mot.model.factory.Factory Accessory Supplier N14 was successfully executed
2024-06-11 17:57:38,887 INFO com.mot.model.factory.Factory Accessory Supplier N15 was successfully executed
2024-06-11 17:57:38,887 INFO com.mot.model.factory.Factory Body Supplier was successfully executed
2024-06-11 17:57:38,887 INFO com.mot.model.factory.Factory Motor Supplier was successfully executed
2024-06-11 17:57:38,887 INFO com.mot.model.factory.Factory Dealer N1 was successfully executed
2024-06-11 17:57:38,887 INFO com.mot.model.factory.Factory Factory Controller was successfully executed
2024-06-11 17:57:39,875 INFO com.mot.model.factory.storages.AccessoryStorage New Accessory was put into Accessory Storage. ID = 2
2024-06-11 17:57:39,875 INFO com.mot.model.factory.suppliers.AccessorySupplier Produced new accessory. ID = 2
2024-06-11 17:57:39,876 INFO com.mot.model.factory.storages.AccessoryStorage New Accessory was put into Accessory Storage. ID = 5
2024-06-11 17:57:39,876 INFO com.mot.model.factory.suppliers.AccessorySupplier Produced new accessory. ID = 5
2024-06-11 17:57:39,877 INFO com.mot.model.factory.storages.AccessoryStorage New Accessory was put into Accessory Storage. ID = 4
2024-06-11 17:57:39,877 INFO com.mot.model.factory.suppliers.AccessorySupplier Produced new accessory. ID = 4
2024-06-11 17:57:39,877 INFO com.mot.model.factory.storages.AccessoryStorage New Accessory was put into Accessory Storage. ID = 3
2024-06-11 17:57:39,877 INFO com.mot.model.factory.suppliers.AccessorySupplier Produced new accessory. ID = 3
2024-06-11 17:57:39,877 INFO com.mot.model.factory.storages.AccessoryStorage New Accessory was put into Accessory Storage. ID = 6
2024-06-11 17:57:39,877 INFO com.mot.model.factory.suppliers.AccessorySupplier Produced new accessory. ID = 6
2024-06-11 17:57:39,878 INFO com.mot.model.factory.storages.AccessoryStorage New Accessory was put into Accessory Storage. ID = 7
2024-06-11 17:57:39,878 INFO com.mot.model.factory.suppliers.AccessorySupplier Produced new accessory. ID = 7
2024-06-11 17:57:39,879 INFO com.mot.model.factory.storages.AccessoryStorage New Accessory was put into Accessory Storage. ID = 8
2024-06-11 17:57:39,879 INFO com.mot.model.factory.suppliers.AccessorySupplier Produced new accessory. ID = 8
2024-06-11 17:57:39,881 INFO com.mot.model.factory.storages.AccessoryStorage New Accessory was put into Accessory Storage. ID = 9
2024-06-11 17:57:39,881 INFO com.mot.model.factory.suppliers.AccessorySupplier Produced new accessory. ID = 9
2024-06-11 17:57:39,882 INFO com.mot.model.factory.storages.AccessoryStorage New Accessory was put into Accessory Storage. ID = 10
2024-06-11 17:57:39,883 INFO com.mot.model.factory.storages.AccessoryStorage New Accessory was put into Accessory Storage. ID = 11
2024-06-11 17:57:39,883 INFO com.mot.model.factory.suppliers.AccessorySupplier Produced new accessory. ID = 11
2024-06-11 17:57:39,883 INFO com.mot.model.factory.suppliers.AccessorySupplier Produced new accessory. ID = 10
2024-06-11 17:57:39,884 INFO com.mot.model.factory.storages.AccessoryStorage New Accessory was put into Accessory Storage. ID = 12
2024-06-11 17:57:39,885 INFO com.mot.model.factory.suppliers.AccessorySupplier Produced new accessory. ID = 12
2024-06-11 17:57:39,886 INFO com.mot.model.factory.storages.AccessoryStorage New Accessory was put into Accessory Storage. ID = 13
2024-06-11 17:57:39,886 INFO com.mot.model.factory.suppliers.AccessorySupplier Produced new accessory. ID = 13
2024-06-11 17:57:39,888 INFO com.mot.model.factory.storages.BodyStorage New Body was put into Body Storage. ID = 14
2024-06-11 17:57:39,888 INFO com.mot.model.factory.storages.AccessoryStorage New Accessory was put into Accessory Storage. ID = 16
2024-06-11 17:57:39,889 INFO com.mot.model.factory.suppliers.BodySupplier Produced new body. ID = 14
2024-06-11 17:57:39,890 INFO com.mot.model.factory.suppliers.AccessorySupplier Produced new accessory. ID = 16
2024-06-11 17:57:39,889 INFO com.mot.model.factory.storages.MotorStorage New Motor was put into Motor Storage. ID = 15
2024-06-11 17:57:39,889 INFO com.mot.model.factory.storages.AccessoryStorage New Accessory was put into Accessory Storage. ID = 18
2024-06-11 17:57:39,890 INFO com.mot.model.factory.suppliers.AccessorySupplier Produced new accessory. ID = 18
2024-06-11 17:57:39,890 INFO com.mot.model.factory.storages.AccessoryStorage New Accessory was put into Accessory Storage. ID = 17
2024-06-11 17:57:39,890 INFO com.mot.model.factory.suppliers.AccessorySupplier Produced new accessory. ID = 17
2024-06-11 17:57:39,890 INFO com.mot.model.factory.suppliers.MotorSupplier Produced new motor. ID = 15
2024-06-11 17:57:40,876 INFO com.mot.model.factory.storages.AccessoryStorage New Accessory was put into Accessory Storage. ID = 19
2024-06-11 17:57:40,876 INFO com.mot.model.factory.suppliers.AccessorySupplier Produced new accessory. ID = 19
2024-06-11 17:57:40,877 INFO com.mot.model.factory.storages.AccessoryStorage New Accessory was put into Accessory Storage. ID = 20
2024-06-11 17:57:40,877 INFO com.mot.model.factory.suppliers.AccessorySupplier Produced new accessory. ID = 20
2024-06-11 17:57:40,877 INFO com.mot.model.factory.storages.AccessoryStorage New Accessory was put into Accessory Storage. ID = 21
2024-06-11 17:57:40,877 INFO com.mot.model.factory.suppliers.AccessorySupplier Produced new accessory. ID = 21
2024-06-11 17:57:40,878 INFO com.mot.model.factory.storages.AccessoryStorage New Accessory was put into Accessory Storage. ID = 22
2024-06-11 17:57:40,878 INFO com.mot.model.factory.suppliers.AccessorySupplier Produced new accessory. ID = 22
2024-06-11 17:57:40,878 INFO com.mot.model.factory.storages.AccessoryStorage New Accessory was put into Accessory Storage. ID = 23
2024-06-11 17:57:40,878 INFO com.mot.model.factory.suppliers.AccessorySupplier Produced new accessory. ID = 23
2024-06-11 17:57:40,879 INFO com.mot.model.factory.storages.AccessoryStorage New Accessory was put into Accessory Storage. ID = 24
2024-06-11 17:57:40,879 INFO com.mot.model.factory.suppliers.AccessorySupplier Produced new accessory. ID = 24
2024-06-11 17:57:40,880 INFO com.mot.model.factory.storages.AccessoryStorage New Accessory was put into Accessory Storage. ID = 25
2024-06-11 17:57:40,880 INFO com.mot.model.factory.suppliers.AccessorySupplier Produced new accessory. ID = 25
2024-06-11 17:57:40,882 INFO com.mot.model.factory.storages.AccessoryStorage New Accessory was put into Accessory Storage. ID = 26
2024-06-11 17:57:40,882 INFO com.mot.model.factory.suppliers.AccessorySupplier Produced new accessory. ID = 26
2024-06-11 17:57:40,883 INFO com.mot.model.factory.storages.AccessoryStorage New Accessory was put into Accessory Storage. ID = 27
2024-06-11 17:57:40,884 INFO com.mot.model.factory.suppliers.AccessorySupplier Produced new accessory. ID = 27
2024-06-11 17:57:40,884 INFO com.mot.model.factory.storages.AccessoryStorage New Accessory was put into Accessory Storage. ID = 28
2024-06-11 17:57:40,884 INFO com.mot.model.factory.suppliers.AccessorySupplier Produced new accessory. ID = 28
2024-06-11 17:57:40,885 INFO com.mot.model.factory.storages.AccessoryStorage New Accessory was put into Accessory Storage. ID = 29
2024-06-11 17:57:40,886 INFO com.mot.model.factory.suppliers.AccessorySupplier Produced new accessory. ID = 29
2024-06-11 17:57:40,887 INFO com.mot.model.factory.storages.AccessoryStorage New Accessory was put into Accessory Storage. ID = 30
2024-06-11 17:57:40,887 INFO com.mot.model.factory.suppliers.AccessorySupplier Produced new accessory. ID = 30
2024-06-11 17:57:40,890 INFO com.mot.model.factory.storages.BodyStorage New Body was put into Body Storage. ID = 31
2024-06-11 17:57:40,890 INFO com.mot.model.factory.storages.AccessoryStorage New Accessory was put into Accessory Storage. ID = 32
2024-06-11 17:57:40,891 INFO com.mot.model.factory.suppliers.BodySupplier Produced new body. ID = 31
2024-06-11 17:57:40,891 INFO com.mot.model.factory.suppliers.AccessorySupplier Produced new accessory. ID = 32
2024-06-11 17:57:40,891 INFO com.mot.model.factory.storages.AccessoryStorage New Accessory was put into Accessory Storage. ID = 33
2024-06-11 17:57:40,891 INFO com.mot.model.factory.storages.MotorStorage New Motor was put into Motor Storage. ID = 35
2024-06-11 17:57:40,892 INFO com.mot.model.factory.storages.AccessoryStorage New Accessory was put into Accessory Storage. ID = 34
2024-06-11 17:57:40,892 INFO com.mot.model.factory.suppliers.MotorSupplier Produced new motor. ID = 35
2024-06-11 17:57:40,892 INFO com.mot.model.factory.suppliers.AccessorySupplier Produced new accessory. ID = 34
2024-06-11 17:57:40,892 INFO com.mot.model.factory.suppliers.AccessorySupplier Produced new accessory. ID = 33
2024-06-11 17:57:41,877 INFO com.mot.model.factory.storages.AccessoryStorage New Accessory was put into Accessory Storage. ID = 36
2024-06-11 17:57:41,878 INFO com.mot.model.factory.suppliers.AccessorySupplier Produced new accessory. ID = 36
2024-06-11 17:57:41,878 INFO com.mot.model.factory.storages.AccessoryStorage New Accessory was put into Accessory Storage. ID = 37
2024-06-11 17:57:41,878 INFO com.mot.model.factory.suppliers.AccessorySupplier Produced new accessory. ID = 37
2024-06-11 17:57:41,878 INFO com.mot.model.factory.storages.AccessoryStorage New Accessory was put into Accessory Storage. ID = 38
2024-06-11 17:57:41,878 INFO com.mot.model.factory.suppliers.AccessorySupplier Produced new accessory. ID = 38
2024-06-11 17:57:41,878 INFO com.mot.model.factory.storages.AccessoryStorage New Accessory was put into Accessory Storage. ID = 39
2024-06-11 17:57:41,878 INFO com.mot.model.factory.suppliers.AccessorySupplier Produced new accessory. ID = 39
2024-06-11 17:57:41,879 INFO com.mot.model.factory.storages.AccessoryStorage New Accessory was put into Accessory Storage. ID = 40
2024-06-11 17:57:41,879 INFO com.mot.model.factory.suppliers.AccessorySupplier Produced new accessory. ID = 40
2024-06-11 17:57:41,879 INFO com.mot.model.factory.storages.AccessoryStorage New Accessory was put into Accessory Storage. ID = 41
2024-06-11 17:57:41,879 INFO com.mot.model.factory.suppliers.AccessorySupplier Produced new accessory. ID = 41
2024-06-11 17:57:41,880 INFO com.mot.model.factory.storages.AccessoryStorage New Accessory was put into Accessory Storage. ID = 42
2024-06-11 17:57:41,881 INFO com.mot.model.factory.suppliers.AccessorySupplier Produced new accessory. ID = 42
2024-06-11 17:57:41,883 INFO com.mot.model.factory.storages.AccessoryStorage New Accessory was put into Accessory Storage. ID = 43
2024-06-11 17:57:41,883 INFO com.mot.model.factory.suppliers.AccessorySupplier Produced new accessory. ID = 43
2024-06-11 17:57:41,885 INFO com.mot.model.factory.storages.AccessoryStorage New Accessory was put into Accessory Storage. ID = 44
2024-06-11 17:57:41,886 INFO com.mot.model.factory.suppliers.AccessorySupplier Produced new accessory. ID = 44
2024-06-11 17:57:41,886 INFO com.mot.model.factory.storages.AccessoryStorage New Accessory was put into Accessory Storage. ID = 46
2024-06-11 17:57:41,887 INFO com.mot.model.factory.storages.AccessoryStorage New Accessory was put into Accessory Storage. ID = 45
2024-06-11 17:57:41,887 INFO com.mot.model.factory.suppliers.AccessorySupplier Produced new accessory. ID = 45
2024-06-11 17:57:41,887 INFO com.mot.model.factory.suppliers.AccessorySupplier Produced new accessory. ID = 46
2024-06-11 17:57:41,888 INFO com.mot.model.factory.storages.AccessoryStorage New Accessory was put into Accessory Storage. ID = 47
2024-06-11 17:57:41,888 INFO com.mot.model.factory.suppliers.AccessorySupplier Produced new accessory. ID = 47
2024-06-11 17:57:41,891 INFO com.mot.model.factory.storages.AccessoryStorage New Accessory was put into Accessory Storage. ID = 48
2024-06-11 17:57:41,892 INFO com.mot.model.factory.suppliers.AccessorySupplier Produced new accessory. ID = 48
2024-06-11 17:57:41,892 INFO com.mot.model.factory.storages.BodyStorage New Body was put into Body Storage. ID = 49
2024-06-11 17:57:41,892 INFO com.mot.model.factory.storages.AccessoryStorage New Accessory was put into Accessory Storage. ID = 50
2024-06-11 17:57:41,892 INFO com.mot.model.factory.suppliers.BodySupplier Produced new body. ID = 49
2024-06-11 17:57:41,893 INFO com.mot.model.factory.storages.MotorStorage New Motor was put into Motor Storage. ID = 51
2024-06-11 17:57:41,893 INFO com.mot.model.factory.suppliers.AccessorySupplier Produced new accessory. ID = 50
2024-06-11 17:57:41,893 INFO com.mot.model.factory.suppliers.MotorSupplier Produced new motor. ID = 51
2024-06-11 17:57:41,893 INFO com.mot.model.factory.storages.AccessoryStorage New Accessory was put into Accessory Storage. ID = 52
2024-06-11 17:57:41,893 INFO com.mot.model.factory.suppliers.AccessorySupplier Produced new accessory. ID = 52
2024-06-11 17:57:42,879 INFO com.mot.model.factory.storages.AccessoryStorage New Accessory was put into Accessory Storage. ID = 53
2024-06-11 17:57:42,879 INFO com.mot.model.factory.suppliers.AccessorySupplier Produced new accessory. ID = 53
2024-06-11 17:57:42,880 INFO com.mot.model.factory.storages.AccessoryStorage New Accessory was put into Accessory Storage. ID = 57
2024-06-11 17:57:42,880 INFO com.mot.model.factory.storages.AccessoryStorage New Accessory was put into Accessory Storage. ID = 56
2024-06-11 17:57:42,880 INFO com.mot.model.factory.suppliers.AccessorySupplier Produced new accessory. ID = 57
2024-06-11 17:57:42,880 INFO com.mot.model.factory.storages.AccessoryStorage New Accessory was put into Accessory Storage. ID = 55
2024-06-11 17:57:42,881 INFO com.mot.model.factory.suppliers.AccessorySupplier Produced new accessory. ID = 55
2024-06-11 17:57:42,881 INFO com.mot.model.factory.storages.AccessoryStorage New Accessory was put into Accessory Storage. ID = 54
2024-06-11 17:57:42,881 INFO com.mot.model.factory.suppliers.AccessorySupplier Produced new accessory. ID = 54
2024-06-11 17:57:42,881 INFO com.mot.model.factory.suppliers.AccessorySupplier Produced new accessory. ID = 56
2024-06-11 17:57:42,881 INFO com.mot.model.factory.storages.AccessoryStorage New Accessory was put into Accessory Storage. ID = 58
2024-06-11 17:57:42,881 INFO com.mot.model.factory.suppliers.AccessorySupplier Produced new accessory. ID = 58
2024-06-11 17:57:42,882 INFO com.mot.model.factory.storages.AccessoryStorage New Accessory was put into Accessory Storage. ID = 59
2024-06-11 17:57:42,882 INFO com.mot.model.factory.suppliers.AccessorySupplier Produced new accessory. ID = 59
2024-06-11 17:57:42,883 INFO com.mot.model.factory.storages.AccessoryStorage New Accessory was put into Accessory Storage. ID = 60
2024-06-11 17:57:42,884 INFO com.mot.model.factory.suppliers.AccessorySupplier Produced new accessory. ID = 60
2024-06-11 17:57:42,887 INFO com.mot.model.factory.storages.AccessoryStorage New Accessory was put into Accessory Storage. ID = 61
2024-06-11 17:57:42,887 INFO com.mot.model.factory.suppliers.AccessorySupplier Produced new accessory. ID = 61
2024-06-11 17:57:42,887 INFO com.mot.model.factory.storages.AccessoryStorage New Accessory was put into Accessory Storage. ID = 62
2024-06-11 17:57:42,887 INFO com.mot.model.factory.suppliers.AccessorySupplier Produced new accessory. ID = 62
2024-06-11 17:57:42,888 INFO com.mot.model.factory.storages.AccessoryStorage New Accessory was put into Accessory Storage. ID = 63
2024-06-11 17:57:42,888 INFO com.mot.model.factory.suppliers.AccessorySupplier Produced new accessory. ID = 63
2024-06-11 17:57:42,889 INFO com.mot.model.factory.storages.AccessoryStorage New Accessory was put into Accessory Storage. ID = 64
2024-06-11 17:57:42,889 INFO com.mot.model.factory.suppliers.AccessorySupplier Produced new accessory. ID = 64
2024-06-11 17:57:42,892 INFO com.mot.model.factory.storages.AccessoryStorage New Accessory was put into Accessory Storage. ID = 65
2024-06-11 17:57:42,893 INFO com.mot.model.factory.suppliers.AccessorySupplier Produced new accessory. ID = 65
2024-06-11 17:57:42,893 INFO com.mot.model.factory.storages.BodyStorage New Body was put into Body Storage. ID = 66
2024-06-11 17:57:42,893 INFO com.mot.model.factory.storages.AccessoryStorage New Accessory was put into Accessory Storage. ID = 67
2024-06-11 17:57:42,893 INFO com.mot.model.factory.suppliers.BodySupplier Produced new body. ID = 66
2024-06-11 17:57:42,893 INFO com.mot.model.factory.suppliers.AccessorySupplier Produced new accessory. ID = 67
2024-06-11 17:57:42,893 INFO com.mot.model.factory.storages.MotorStorage New Motor was put into Motor Storage. ID = 68
2024-06-11 17:57:42,893 INFO com.mot.model.factory.storages.AccessoryStorage New Accessory was put into Accessory Storage. ID = 69
2024-06-11 17:57:42,893 INFO com.mot.model.factory.suppliers.MotorSupplier Produced new motor. ID = 68
2024-06-11 17:57:42,894 INFO com.mot.model.factory.suppliers.AccessorySupplier Produced new accessory. ID = 69
2024-06-11 17:57:43,880 INFO com.mot.model.factory.storages.AccessoryStorage New Accessory was put into Accessory Storage. ID = 70
2024-06-11 17:57:43,880 INFO com.mot.model.factory.suppliers.AccessorySupplier Produced new accessory. ID = 70
2024-06-11 17:57:43,881 INFO com.mot.model.factory.storages.AccessoryStorage New Accessory was put into Accessory Storage. ID = 71
2024-06-11 17:57:43,881 INFO com.mot.model.factory.suppliers.AccessorySupplier Produced new accessory. ID = 71
2024-06-11 17:57:43,881 INFO com.mot.model.factory.storages.AccessoryStorage New Accessory was put into Accessory Storage. ID = 72
2024-06-11 17:57:43,882 INFO com.mot.model.factory.suppliers.AccessorySupplier Produced new accessory. ID = 72
2024-06-11 17:57:43,882 INFO com.mot.model.factory.storages.AccessoryStorage New Accessory was put into Accessory Storage. ID = 75
2024-06-11 17:57:43,883 INFO com.mot.model.factory.suppliers.AccessorySupplier Produced new accessory. ID = 75
2024-06-11 17:57:43,883 INFO com.mot.model.factory.storages.AccessoryStorage New Accessory was put into Accessory Storage. ID = 74
2024-06-11 17:57:43,884 INFO com.mot.model.factory.storages.AccessoryStorage New Accessory was put into Accessory Storage. ID = 73
2024-06-11 17:57:43,884 INFO com.mot.model.factory.suppliers.AccessorySupplier Produced new accessory. ID = 73
2024-06-11 17:57:43,885 INFO com.mot.model.factory.storages.AccessoryStorage New Accessory was put into Accessory Storage. ID = 77
2024-06-11 17:57:43,886 INFO com.mot.model.factory.suppliers.AccessorySupplier Produced new accessory. ID = 77
2024-06-11 17:57:43,886 INFO com.mot.model.factory.suppliers.AccessorySupplier Produced new accessory. ID = 74
2024-06-11 17:57:43,886 INFO com.mot.model.factory.storages.AccessoryStorage New Accessory was put into Accessory Storage. ID = 76
2024-06-11 17:57:43,887 INFO com.mot.model.factory.suppliers.AccessorySupplier Produced new accessory. ID = 76
2024-06-11 17:57:43,888 INFO com.mot.model.factory.storages.AccessoryStorage New Accessory was put into Accessory Storage. ID = 78
2024-06-11 17:57:43,888 INFO com.mot.model.factory.suppliers.AccessorySupplier Produced new accessory. ID = 78
2024-06-11 17:57:43,889 INFO com.mot.model.factory.storages.AccessoryStorage New Accessory was put into Accessory Storage. ID = 79
2024-06-11 17:57:43,889 INFO com.mot.model.factory.suppliers.AccessorySupplier Produced new accessory. ID = 79
2024-06-11 17:57:43,889 INFO com.mot.model.factory.storages.AccessoryStorage New Accessory was put into Accessory Storage. ID = 80
2024-06-11 17:57:43,890 INFO com.mot.model.factory.suppliers.AccessorySupplier Produced new accessory. ID = 80
2024-06-11 17:57:43,891 INFO com.mot.model.factory.workers.Order Accessory was get from Accessory Storage. ID = 2
2024-06-11 17:57:43,891 INFO com.mot.model.factory.workers.Order Accessory was get from Accessory Storage. ID = 5
2024-06-11 17:57:43,892 INFO com.mot.model.factory.storages.AccessoryStorage New Accessory was put into Accessory Storage. ID = 81
2024-06-11 17:57:43,893 INFO com.mot.model.factory.workers.Order Body was get from Body Storage. ID = 14
2024-06-11 17:57:43,893 INFO com.mot.model.factory.workers.Order Accessory was get from Accessory Storage. ID = 3
2024-06-11 17:57:43,893 INFO com.mot.model.factory.workers.Order Motor was get from Motor Storage. ID = 15
2024-06-11 17:57:43,893 INFO com.mot.model.factory.workers.Order Body was get from Body Storage. ID = 31
2024-06-11 17:57:43,893 INFO com.mot.model.factory.workers.Order Motor was get from Motor Storage. ID = 35
2024-06-11 17:57:43,892 INFO com.mot.model.factory.workers.Order Accessory was get from Accessory Storage. ID = 4
2024-06-11 17:57:43,893 INFO com.mot.model.factory.workers.Order Body was get from Body Storage. ID = 49
2024-06-11 17:57:43,893 INFO com.mot.model.factory.suppliers.AccessorySupplier Produced new accessory. ID = 81
2024-06-11 17:57:43,893 INFO com.mot.model.factory.workers.Order Motor was get from Motor Storage. ID = 51
2024-06-11 17:57:43,893 INFO com.mot.model.factory.storages.AccessoryStorage New Accessory was put into Accessory Storage. ID = 85
2024-06-11 17:57:43,893 INFO com.mot.model.factory.suppliers.AccessorySupplier Produced new accessory. ID = 85
2024-06-11 17:57:43,894 INFO com.mot.model.factory.workers.Order Body was get from Body Storage. ID = 66
2024-06-11 17:57:43,894 INFO com.mot.model.factory.workers.Order Motor was get from Motor Storage. ID = 68
2024-06-11 17:57:43,894 INFO com.mot.model.factory.storages.MotorStorage New Motor was put into Motor Storage. ID = 88
2024-06-11 17:57:43,894 INFO com.mot.model.factory.suppliers.MotorSupplier Produced new motor. ID = 88
2024-06-11 17:57:43,894 INFO com.mot.model.factory.storages.AccessoryStorage New Accessory was put into Accessory Storage. ID = 86
2024-06-11 17:57:43,894 INFO com.mot.model.factory.suppliers.AccessorySupplier Produced new accessory. ID = 86
2024-06-11 17:57:43,893 INFO com.mot.model.factory.storages.CarStorage New Car was put into Car Storage. ID = 82
2024-06-11 17:57:43,895 INFO com.mot.model.factory.storages.AccessoryStorage New Accessory was put into Accessory Storage. ID = 89
2024-06-11 17:57:43,896 INFO com.mot.model.factory.suppliers.AccessorySupplier Produced new accessory. ID = 89
2024-06-11 17:57:43,895 INFO com.mot.model.factory.workers.Order Accessory was get from Accessory Storage. ID = 6
2024-06-11 17:57:43,896 INFO com.mot.model.factory.dealers.Dealer Dealer N1 ordered new Car (ID = 82) [Accessory ID = 5, Body ID = 14, Motor ID = 15]
2024-06-11 17:57:43,896 INFO com.mot.model.factory.storages.CarStorage New Car was put into Car Storage. ID = 87
2024-06-11 17:57:43,896 INFO com.mot.model.factory.storages.BodyStorage New Body was put into Body Storage. ID = 90
2024-06-11 17:57:43,896 INFO com.mot.model.factory.storages.CarStorage New Car was put into Car Storage. ID = 84
2024-06-11 17:57:43,896 INFO com.mot.model.factory.storages.CarStorage New Car was put into Car Storage. ID = 83
2024-06-11 17:57:43,896 INFO com.mot.model.factory.workers.Order Body was get from Body Storage. ID = 90
2024-06-11 17:57:43,896 INFO com.mot.model.factory.workers.Order Motor was get from Motor Storage. ID = 88
2024-06-11 17:57:43,897 INFO com.mot.model.factory.suppliers.BodySupplier Produced new body. ID = 90
2024-06-11 17:57:43,897 INFO com.mot.model.factory.storages.CarStorage New Car was put into Car Storage. ID = 91
2024-06-11 17:57:44,882 INFO com.mot.model.factory.storages.AccessoryStorage New Accessory was put into Accessory Storage. ID = 92
2024-06-11 17:57:44,882 INFO com.mot.model.factory.suppliers.AccessorySupplier Produced new accessory. ID = 92
2024-06-11 17:57:44,883 INFO com.mot.model.factory.storages.AccessoryStorage New Accessory was put into Accessory Storage. ID = 94
2024-06-11 17:57:44,883 INFO com.mot.model.factory.suppliers.AccessorySupplier Produced new accessory. ID = 94
2024-06-11 17:57:44,883 INFO com.mot.model.factory.storages.AccessoryStorage New Accessory was put into Accessory Storage. ID = 93
2024-06-11 17:57:44,884 INFO com.mot.model.factory.suppliers.AccessorySupplier Produced new accessory. ID = 93
2024-06-11 17:57:44,885 INFO com.mot.model.factory.storages.AccessoryStorage New Accessory was put into Accessory Storage. ID = 95
2024-06-11 17:57:44,885 INFO com.mot.model.factory.suppliers.AccessorySupplier Produced new accessory. ID = 95
2024-06-11 17:57:44,886 INFO com.mot.model.factory.storages.AccessoryStorage New Accessory was put into Accessory Storage. ID = 96
2024-06-11 17:57:44,887 INFO com.mot.model.factory.suppliers.AccessorySupplier Produced new accessory. ID = 96
2024-06-11 17:57:44,887 INFO com.mot.model.factory.storages.AccessoryStorage New Accessory was put into Accessory Storage. ID = 97
2024-06-11 17:57:44,887 INFO com.mot.model.factory.suppliers.AccessorySupplier Produced new accessory. ID = 97
2024-06-11 17:57:44,887 INFO com.mot.model.factory.storages.AccessoryStorage New Accessory was put into Accessory Storage. ID = 98
2024-06-11 17:57:44,887 INFO com.mot.model.factory.suppliers.AccessorySupplier Produced new accessory. ID = 98
2024-06-11 17:57:44,887 INFO com.mot.model.factory.storages.AccessoryStorage New Accessory was put into Accessory Storage. ID = 99
2024-06-11 17:57:44,888 INFO com.mot.model.factory.suppliers.AccessorySupplier Produced new accessory. ID = 99
2024-06-11 17:57:44,889 INFO com.mot.model.factory.storages.AccessoryStorage New Accessory was put into Accessory Storage. ID = 100
2024-06-11 17:57:44,894 INFO com.mot.model.factory.suppliers.AccessorySupplier Produced new accessory. ID = 100
2024-06-11 17:57:44,894 INFO com.mot.model.factory.storages.AccessoryStorage New Accessory was put into Accessory Storage. ID = 102
2024-06-11 17:57:44,894 INFO com.mot.model.factory.suppliers.AccessorySupplier Produced new accessory. ID = 102
2024-06-11 17:57:44,895 INFO com.mot.model.factory.storages.AccessoryStorage New Accessory was put into Accessory Storage. ID = 101
2024-06-11 17:57:44,895 INFO com.mot.model.factory.suppliers.AccessorySupplier Produced new accessory. ID = 101
2024-06-11 17:57:44,895 INFO com.mot.model.factory.storages.MotorStorage New Motor was put into Motor Storage. ID = 105
2024-06-11 17:57:44,895 INFO com.mot.model.factory.storages.AccessoryStorage New Accessory was put into Accessory Storage. ID = 106
2024-06-11 17:57:44,896 INFO com.mot.model.factory.suppliers.MotorSupplier Produced new motor. ID = 105
2024-06-11 17:57:44,897 INFO com.mot.model.factory.storages.BodyStorage New Body was put into Body Storage. ID = 108
2024-06-11 17:57:44,897 INFO com.mot.model.factory.suppliers.BodySupplier Produced new body. ID = 108
2024-06-11 17:57:44,898 INFO com.mot.model.factory.suppliers.AccessorySupplier Produced new accessory. ID = 106
2024-06-11 17:57:44,898 INFO com.mot.model.factory.storages.AccessoryStorage New Accessory was put into Accessory Storage. ID = 104
2024-06-11 17:57:44,898 INFO com.mot.model.factory.suppliers.AccessorySupplier Produced new accessory. ID = 104
2024-06-11 17:57:44,899 INFO com.mot.model.factory.storages.AccessoryStorage New Accessory was put into Accessory Storage. ID = 103
2024-06-11 17:57:44,899 INFO com.mot.model.factory.suppliers.AccessorySupplier Produced new accessory. ID = 103
2024-06-11 17:57:44,899 INFO com.mot.model.factory.storages.AccessoryStorage New Accessory was put into Accessory Storage. ID = 107
2024-06-11 17:57:44,900 INFO com.mot.model.factory.suppliers.AccessorySupplier Produced new accessory. ID = 107
2024-06-11 17:57:45,883 INFO com.mot.model.factory.storages.AccessoryStorage New Accessory was put into Accessory Storage. ID = 109
2024-06-11 17:57:45,884 INFO com.mot.model.factory.suppliers.AccessorySupplier Produced new accessory. ID = 109
2024-06-11 17:57:45,884 INFO com.mot.model.factory.storages.AccessoryStorage New Accessory was put into Accessory Storage. ID = 110
2024-06-11 17:57:45,884 INFO com.mot.model.factory.suppliers.AccessorySupplier Produced new accessory. ID = 110
2024-06-11 17:57:45,885 INFO com.mot.model.factory.storages.AccessoryStorage New Accessory was put into Accessory Storage. ID = 111
2024-06-11 17:57:45,885 INFO com.mot.model.factory.suppliers.AccessorySupplier Produced new accessory. ID = 111
2024-06-11 17:57:45,886 INFO com.mot.model.factory.storages.AccessoryStorage New Accessory was put into Accessory Storage. ID = 112
2024-06-11 17:57:45,887 INFO com.mot.model.factory.suppliers.AccessorySupplier Produced new accessory. ID = 112
2024-06-11 17:57:45,887 INFO com.mot.model.factory.storages.AccessoryStorage New Accessory was put into Accessory Storage. ID = 113
2024-06-11 17:57:45,888 INFO com.mot.model.factory.suppliers.AccessorySupplier Produced new accessory. ID = 113
2024-06-11 17:57:45,888 INFO com.mot.model.factory.storages.AccessoryStorage New Accessory was put into Accessory Storage. ID = 114
2024-06-11 17:57:45,889 INFO com.mot.model.factory.suppliers.AccessorySupplier Produced new accessory. ID = 114
2024-06-11 17:57:45,889 INFO com.mot.model.factory.storages.AccessoryStorage New Accessory was put into Accessory Storage. ID = 116
2024-06-11 17:57:45,889 INFO com.mot.model.factory.suppliers.AccessorySupplier Produced new accessory. ID = 116
2024-06-11 17:57:45,890 INFO com.mot.model.factory.storages.AccessoryStorage New Accessory was put into Accessory Storage. ID = 115
2024-06-11 17:57:45,892 INFO com.mot.model.factory.suppliers.AccessorySupplier Produced new accessory. ID = 115
2024-06-11 17:57:45,895 INFO com.mot.model.factory.storages.AccessoryStorage New Accessory was put into Accessory Storage. ID = 117
2024-06-11 17:57:45,895 INFO com.mot.model.factory.suppliers.AccessorySupplier Produced new accessory. ID = 117
2024-06-11 17:57:45,895 INFO com.mot.model.factory.storages.AccessoryStorage New Accessory was put into Accessory Storage. ID = 118
2024-06-11 17:57:45,896 INFO com.mot.model.factory.suppliers.AccessorySupplier Produced new accessory. ID = 118
2024-06-11 17:57:45,896 INFO com.mot.model.factory.storages.AccessoryStorage New Accessory was put into Accessory Storage. ID = 119
2024-06-11 17:57:45,896 INFO com.mot.model.factory.suppliers.AccessorySupplier Produced new accessory. ID = 119
2024-06-11 17:57:45,896 INFO com.mot.model.factory.storages.MotorStorage New Motor was put into Motor Storage. ID = 120
2024-06-11 17:57:45,896 INFO com.mot.model.factory.suppliers.MotorSupplier Produced new motor. ID = 120
2024-06-11 17:57:45,898 INFO com.mot.model.factory.storages.BodyStorage New Body was put into Body Storage. ID = 121
2024-06-11 17:57:45,898 INFO com.mot.model.factory.suppliers.BodySupplier Produced new body. ID = 121
2024-06-11 17:57:45,898 INFO com.mot.model.factory.storages.AccessoryStorage New Accessory was put into Accessory Storage. ID = 122
2024-06-11 17:57:45,898 INFO com.mot.model.factory.suppliers.AccessorySupplier Produced new accessory. ID = 122
2024-06-11 17:57:45,899 INFO com.mot.model.factory.storages.AccessoryStorage New Accessory was put into Accessory Storage. ID = 123
2024-06-11 17:57:45,899 INFO com.mot.model.factory.suppliers.AccessorySupplier Produced new accessory. ID = 123
2024-06-11 17:57:45,901 INFO com.mot.model.factory.storages.AccessoryStorage New Accessory was put into Accessory Storage. ID = 124
2024-06-11 17:57:45,901 INFO com.mot.model.factory.suppliers.AccessorySupplier Produced new accessory. ID = 124
2024-06-11 17:57:45,902 INFO com.mot.model.factory.storages.AccessoryStorage New Accessory was put into Accessory Storage. ID = 125
2024-06-11 17:57:45,902 INFO com.mot.model.factory.suppliers.AccessorySupplier Produced new accessory. ID = 125
2024-06-11 17:57:46,896 INFO com.mot.model.factory.dealers.Dealer Dealer N1 ordered new Car (ID = 87) [Accessory ID = 2, Body ID = 66, Motor ID = 68]
2024-06-11 17:57:46,898 INFO com.mot.model.factory.storages.MotorStorage New Motor was put into Motor Storage. ID = 137
2024-06-11 17:57:46,898 INFO com.mot.model.factory.suppliers.MotorSupplier Produced new motor. ID = 137
2024-06-11 17:57:46,899 INFO com.mot.model.factory.storages.BodyStorage New Body was put into Body Storage. ID = 138
2024-06-11 17:57:46,899 INFO com.mot.model.factory.suppliers.BodySupplier Produced new body. ID = 138
2024-06-11 17:57:47,899 INFO com.mot.model.factory.storages.MotorStorage New Motor was put into Motor Storage. ID = 143
2024-06-11 17:57:47,899 INFO com.mot.model.factory.suppliers.MotorSupplier Produced new motor. ID = 143
2024-06-11 17:57:47,900 INFO com.mot.model.factory.storages.BodyStorage New Body was put into Body Storage. ID = 144
2024-06-11 17:57:47,900 INFO com.mot.model.factory.suppliers.BodySupplier Produced new body. ID = 144
2024-06-11 17:57:48,900 INFO com.mot.model.factory.storages.MotorStorage New Motor was put into Motor Storage. ID = 145
2024-06-11 17:57:48,901 INFO com.mot.model.factory.suppliers.MotorSupplier Produced new motor. ID = 145
2024-06-11 17:57:48,900 INFO com.mot.model.factory.storages.BodyStorage New Body was put into Body Storage. ID = 146
2024-06-11 17:57:48,901 INFO com.mot.model.factory.suppliers.BodySupplier Produced new body. ID = 146
2024-06-11 17:57:49,897 INFO com.mot.model.factory.dealers.Dealer Dealer N1 ordered new Car (ID = 84) [Accessory ID = 4, Body ID = 49, Motor ID = 51]
2024-06-11 17:57:49,901 INFO com.mot.model.factory.storages.MotorStorage New Motor was put into Motor Storage. ID = 147
2024-06-11 17:57:49,902 INFO com.mot.model.factory.suppliers.MotorSupplier Produced new motor. ID = 147
2024-06-11 17:57:49,902 INFO com.mot.model.factory.storages.BodyStorage New Body was put into Body Storage. ID = 148
2024-06-11 17:57:49,902 INFO com.mot.model.factory.suppliers.BodySupplier Produced new body. ID = 148
2024-06-11 17:57:50,902 INFO com.mot.model.factory.storages.BodyStorage New Body was put into Body Storage. ID = 150
2024-06-11 17:57:50,903 INFO com.mot.model.factory.suppliers.BodySupplier Produced new body. ID = 150
2024-06-11 17:57:50,902 INFO com.mot.model.factory.storages.MotorStorage New Motor was put into Motor Storage. ID = 149
2024-06-11 17:57:50,903 INFO com.mot.model.factory.suppliers.MotorSupplier Produced new motor. ID = 149
2024-06-11 17:57:51,904 INFO com.mot.model.factory.storages.BodyStorage New Body was put into Body Storage. ID = 151
2024-06-11 17:57:51,906 INFO com.mot.model.factory.suppliers.BodySupplier Produced new body. ID = 151
2024-06-11 17:57:51,904 INFO com.mot.model.factory.storages.MotorStorage New Motor was put into Motor Storage. ID = 152
2024-06-11 17:57:51,907 INFO com.mot.model.factory.suppliers.MotorSupplier Produced new motor. ID = 152
2024-06-11 17:57:52,898 INFO com.mot.model.factory.dealers.Dealer Dealer N1 ordered new Car (ID = 83) [Accessory ID = 3, Body ID = 31, Motor ID = 35]
2024-06-11 17:57:52,906 INFO com.mot.model.factory.storages.BodyStorage New Body was put into Body Storage. ID = 153
2024-06-11 17:57:52,907 INFO com.mot.model.factory.suppliers.BodySupplier Produced new body. ID = 153
2024-06-11 17:57:52,908 INFO com.mot.model.factory.storages.MotorStorage New Motor was put into Motor Storage. ID = 154
2024-06-11 17:57:52,908 INFO com.mot.model.factory.suppliers.MotorSupplier Produced new motor. ID = 154
2024-06-11 17:57:53,908 INFO com.mot.model.factory.storages.MotorStorage New Motor was put into Motor Storage. ID = 156
2024-06-11 17:57:53,909 INFO com.mot.model.factory.suppliers.MotorSupplier Produced new motor. ID = 156
2024-06-11 17:57:53,908 INFO com.mot.model.factory.storages.BodyStorage New Body was put into Body Storage. ID = 155
2024-06-11 17:57:53,909 INFO com.mot.model.factory.suppliers.BodySupplier Produced new body. ID = 155
2024-06-11 17:57:54,909 INFO com.mot.model.factory.storages.BodyStorage New Body was put into Body Storage. ID = 158
2024-06-11 17:57:54,909 INFO com.mot.model.factory.storages.MotorStorage New Motor was put into Motor Storage. ID = 157
2024-06-11 17:57:54,910 INFO com.mot.model.factory.suppliers.MotorSupplier Produced new motor. ID = 157
2024-06-11 17:57:54,910 INFO com.mot.model.factory.suppliers.BodySupplier Produced new body. ID = 158
2024-06-11 17:57:55,899 INFO com.mot.model.factory.dealers.Dealer Dealer N1 ordered new Car (ID = 91) [Accessory ID = 6, Body ID = 90, Motor ID = 88]
2024-06-11 17:57:55,910 INFO com.mot.model.factory.storages.MotorStorage New Motor was put into Motor Storage. ID = 159
2024-06-11 17:57:55,912 INFO com.mot.model.factory.suppliers.MotorSupplier Produced new motor. ID = 159
2024-06-11 17:57:55,913 INFO com.mot.model.factory.storages.BodyStorage New Body was put into Body Storage. ID = 160
2024-06-11 17:57:55,913 INFO com.mot.model.factory.suppliers.BodySupplier Produced new body. ID = 160
2024-06-11 17:57:56,912 INFO com.mot.model.factory.storages.MotorStorage New Motor was put into Motor Storage. ID = 161
2024-06-11 17:57:56,913 INFO com.mot.model.factory.suppliers.MotorSupplier Produced new motor. ID = 161
2024-06-11 17:57:56,914 INFO com.mot.model.factory.storages.BodyStorage New Body was put into Body Storage. ID = 162
2024-06-11 17:57:56,915 INFO com.mot.model.factory.suppliers.BodySupplier Produced new body. ID = 162
